<?xml version="1.0" encoding="UTF-8"?>
<!-- Generated by org.testng.reporters.JUnitXMLReporter -->
<testsuite hostname="USER-PC" ignored="0" name="Test" tests="3" failures="0" timestamp="05 May 2018 04:38:38 GMT" time="117.958" errors="0">
  <testcase name="testThatResultsAppearForAOneWayJourney" time="13.021" classname="cleartrip.FlightBookingTest"/>
  <testcase name="shouldBeAbleToSearchForHotels" time="19.89" classname="cleartrip.HotelBookingTest"/>
  <testcase name="shouldThrowAnErrorIfSignInDetailsAreMissing" time="6.692" classname="cleartrip.SignInTest"/>
</testsuite> <!-- Test -->
